<?xml version="1.0" encoding="UTF-8"?>
<!-- Generated by org.testng.reporters.JUnitReportReporter -->
<testsuite hostname="VRC3ITWB00340" failures="0" tests="1" name="lambdatest.practice.FirstLambdaTest" time="3.352" errors="0" timestamp="2023-04-14T13:12:42 IST" skipped="0">
  <testcase classname="lambdatest.practice.FirstLambdaTest" name="myTest" time="3.352"/>
  <system-out/>
</testsuite> <!-- lambdatest.practice.FirstLambdaTest -->
