<?xml version="1.0" encoding="UTF-8"?>
<!-- Generated by org.testng.reporters.JUnitReportReporter -->
<testsuite hostname="VRC3ITWB00340" failures="0" tests="1" name="lambdatest.practice.Scenario_1_Windows_Chrome" time="4.095" errors="0" timestamp="2023-04-14T17:55:40 IST" skipped="0">
  <testcase classname="lambdatest.practice.Scenario_1_Windows_Chrome" name="chromeWindowsTest" time="4.095"/>
  <system-out/>
</testsuite> <!-- lambdatest.practice.Scenario_1_Windows_Chrome -->
