<?xml version="1.0" encoding="UTF-8"?>
<!-- Generated by org.testng.reporters.JUnitReportReporter -->
<testsuite hostname="VRC3ITWB00340" failures="0" tests="1" name="lambdatest.practice.Scenario_2_Mac_Edge" time="9.001" errors="0" timestamp="2023-04-14T17:54:57 IST" skipped="0">
  <testcase classname="lambdatest.practice.Scenario_2_Mac_Edge" name="edgeMacTest" time="9.001"/>
  <system-out/>
</testsuite> <!-- lambdatest.practice.Scenario_2_Mac_Edge -->
